<?xml version="1.0" encoding="UTF-8"?>
<coverage generated="1713584765003" clover="3.2.0">
  <project timestamp="1713584765003" name="All files">
    <metrics statements="36" coveredstatements="36" conditionals="22" coveredconditionals="16" methods="12" coveredmethods="12" elements="70" coveredelements="64" complexity="0" loc="36" ncloc="36" packages="1" files="1" classes="1"/>
    <file name="d20.js" path="/Users/xander/repos/js-d20/src/d20.js">
      <metrics statements="36" coveredstatements="36" conditionals="22" coveredconditionals="16" methods="12" coveredmethods="12"/>
      <line num="12" count="6" type="stmt"/>
      <line num="27" count="2" type="stmt"/>
      <line num="28" count="2" type="stmt"/>
      <line num="29" count="6" type="stmt"/>
      <line num="31" count="2" type="stmt"/>
      <line num="45" count="2" type="cond" truecount="2" falsecount="0"/>
      <line num="47" count="6" type="stmt"/>
      <line num="50" count="3" type="stmt"/>
      <line num="67" count="3" type="cond" truecount="4" falsecount="0"/>
      <line num="69" count="1" type="stmt"/>
      <line num="73" count="2" type="stmt"/>
      <line num="76" count="2" type="stmt"/>
      <line num="90" count="6" type="stmt"/>
      <line num="114" count="3" type="stmt"/>
      <line num="117" count="3" type="stmt"/>
      <line num="119" count="3" type="stmt"/>
      <line num="134" count="2" type="stmt"/>
      <line num="151" count="2" type="stmt"/>
      <line num="153" count="2" type="cond" truecount="2" falsecount="0"/>
      <line num="154" count="1" type="stmt"/>
      <line num="155" count="1" type="stmt"/>
      <line num="158" count="1" type="cond" truecount="1" falsecount="1"/>
      <line num="159" count="1" type="stmt"/>
      <line num="160" count="1" type="cond" truecount="1" falsecount="1"/>
      <line num="161" count="1" type="cond" truecount="3" falsecount="1"/>
      <line num="162" count="1" type="cond" truecount="1" falsecount="1"/>
      <line num="165" count="1" type="stmt"/>
      <line num="168" count="1" type="stmt"/>
      <line num="171" count="1" type="stmt"/>
      <line num="174" count="1" type="stmt"/>
      <line num="175" count="1" type="cond" truecount="1" falsecount="1"/>
      <line num="176" count="1" type="cond" truecount="1" falsecount="1"/>
      <line num="178" count="1" type="stmt"/>
      <line num="181" count="1" type="stmt"/>
      <line num="182" count="1" type="stmt"/>
      <line num="186" count="1" type="stmt"/>
    </file>
  </project>
</coverage>
