{"/Users/xander/repos/js-d20/src/d20.js": {"path":"/Users/xander/repos/js-d20/src/d20.js","statementMap":{"0":{"start":{"line":12,"column":2},"end":{"line":12,"column":55}},"1":{"start":{"line":27,"column":14},"end":{"line":27,"column":16}},"2":{"start":{"line":28,"column":2},"end":{"line":30,"column":3}},"3":{"start":{"line":28,"column":15},"end":{"line":28,"column":16}},"4":{"start":{"line":29,"column":6},"end":{"line":29,"column":42}},"5":{"start":{"line":31,"column":2},"end":{"line":31,"column":15}},"6":{"start":{"line":45,"column":2},"end":{"line":51,"column":3}},"7":{"start":{"line":47,"column":6},"end":{"line":47,"column":63}},"8":{"start":{"line":47,"column":47},"end":{"line":47,"column":61}},"9":{"start":{"line":50,"column":6},"end":{"line":50,"column":63}},"10":{"start":{"line":50,"column":47},"end":{"line":50,"column":61}},"11":{"start":{"line":67,"column":2},"end":{"line":70,"column":3}},"12":{"start":{"line":69,"column":6},"end":{"line":69,"column":23}},"13":{"start":{"line":73,"column":20},"end":{"line":73,"column":72}},"14":{"start":{"line":76,"column":2},"end":{"line":76,"column":50}},"15":{"start":{"line":90,"column":2},"end":{"line":90,"column":74}},"16":{"start":{"line":90,"column":50},"end":{"line":90,"column":69}},"17":{"start":{"line":114,"column":22},"end":{"line":114,"column":44}},"18":{"start":{"line":117,"column":19},"end":{"line":117,"column":43}},"19":{"start":{"line":119,"column":2},"end":{"line":119,"column":20}},"20":{"start":{"line":134,"column":20},"end":{"line":134,"column":60}},"21":{"start":{"line":151,"column":18},"end":{"line":151,"column":45}},"22":{"start":{"line":153,"column":2},"end":{"line":156,"column":3}},"23":{"start":{"line":154,"column":6},"end":{"line":154,"column":57}},"24":{"start":{"line":155,"column":6},"end":{"line":155,"column":69}},"25":{"start":{"line":155,"column":44},"end":{"line":155,"column":66}},"26":{"start":{"line":158,"column":23},"end":{"line":158,"column":48}},"27":{"start":{"line":159,"column":24},"end":{"line":159,"column":44}},"28":{"start":{"line":160,"column":25},"end":{"line":160,"column":71}},"29":{"start":{"line":161,"column":24},"end":{"line":161,"column":75}},"30":{"start":{"line":162,"column":21},"end":{"line":162,"column":46}},"31":{"start":{"line":165,"column":18},"end":{"line":165,"column":63}},"32":{"start":{"line":168,"column":22},"end":{"line":168,"column":77}},"33":{"start":{"line":171,"column":20},"end":{"line":171,"column":69}},"34":{"start":{"line":174,"column":21},"end":{"line":174,"column":66}},"35":{"start":{"line":175,"column":2},"end":{"line":177,"column":3}},"36":{"start":{"line":176,"column":6},"end":{"line":176,"column":68}},"37":{"start":{"line":178,"column":2},"end":{"line":178,"column":42}},"38":{"start":{"line":181,"column":2},"end":{"line":181,"column":41}},"39":{"start":{"line":182,"column":2},"end":{"line":182,"column":62}},"40":{"start":{"line":182,"column":47},"end":{"line":182,"column":59}},"41":{"start":{"line":186,"column":0},"end":{"line":188,"column":1}}},"fnMap":{"0":{"name":"rollDice","decl":{"start":{"line":10,"column":9},"end":{"line":10,"column":17}},"loc":{"start":{"line":10,"column":33},"end":{"line":13,"column":1}},"line":10},"1":{"name":"rollMultipleDice","decl":{"start":{"line":26,"column":9},"end":{"line":26,"column":25}},"loc":{"start":{"line":26,"column":55},"end":{"line":32,"column":1}},"line":26},"2":{"name":"sortDiceByHighestOrLowest","decl":{"start":{"line":44,"column":9},"end":{"line":44,"column":34}},"loc":{"start":{"line":44,"column":58},"end":{"line":52,"column":1}},"line":44},"3":{"name":"(anonymous_3)","decl":{"start":{"line":47,"column":28},"end":{"line":47,"column":29}},"loc":{"start":{"line":47,"column":47},"end":{"line":47,"column":61}},"line":47},"4":{"name":"(anonymous_4)","decl":{"start":{"line":50,"column":28},"end":{"line":50,"column":29}},"loc":{"start":{"line":50,"column":47},"end":{"line":50,"column":61}},"line":50},"5":{"name":"sortDiceRolls","decl":{"start":{"line":65,"column":9},"end":{"line":65,"column":22}},"loc":{"start":{"line":65,"column":70},"end":{"line":77,"column":1}},"line":65},"6":{"name":"sumAllRolls","decl":{"start":{"line":88,"column":9},"end":{"line":88,"column":20}},"loc":{"start":{"line":88,"column":32},"end":{"line":100,"column":1}},"line":88},"7":{"name":"(anonymous_7)","decl":{"start":{"line":90,"column":26},"end":{"line":90,"column":27}},"loc":{"start":{"line":90,"column":50},"end":{"line":90,"column":69}},"line":90},"8":{"name":"calculateDiceRollTotal","decl":{"start":{"line":112,"column":9},"end":{"line":112,"column":31}},"loc":{"start":{"line":112,"column":53},"end":{"line":120,"column":1}},"line":112},"9":{"name":"roll","decl":{"start":{"line":132,"column":9},"end":{"line":132,"column":13}},"loc":{"start":{"line":132,"column":26},"end":{"line":183,"column":1}},"line":132},"10":{"name":"(anonymous_10)","decl":{"start":{"line":155,"column":38},"end":{"line":155,"column":39}},"loc":{"start":{"line":155,"column":44},"end":{"line":155,"column":66}},"line":155},"11":{"name":"(anonymous_11)","decl":{"start":{"line":182,"column":41},"end":{"line":182,"column":42}},"loc":{"start":{"line":182,"column":47},"end":{"line":182,"column":59}},"line":182}},"branchMap":{"0":{"loc":{"start":{"line":45,"column":2},"end":{"line":51,"column":3}},"type":"if","locations":[{"start":{"line":45,"column":2},"end":{"line":51,"column":3}},{"start":{"line":48,"column":9},"end":{"line":51,"column":3}}],"line":45},"1":{"loc":{"start":{"line":67,"column":2},"end":{"line":70,"column":3}},"type":"if","locations":[{"start":{"line":67,"column":2},"end":{"line":70,"column":3}},{"start":{},"end":{}}],"line":67},"2":{"loc":{"start":{"line":67,"column":6},"end":{"line":67,"column":48}},"type":"binary-expr","locations":[{"start":{"line":67,"column":6},"end":{"line":67,"column":21}},{"start":{"line":67,"column":25},"end":{"line":67,"column":48}}],"line":67},"3":{"loc":{"start":{"line":153,"column":2},"end":{"line":156,"column":3}},"type":"if","locations":[{"start":{"line":153,"column":2},"end":{"line":156,"column":3}},{"start":{},"end":{}}],"line":153},"4":{"loc":{"start":{"line":158,"column":23},"end":{"line":158,"column":48}},"type":"binary-expr","locations":[{"start":{"line":158,"column":23},"end":{"line":158,"column":43}},{"start":{"line":158,"column":47},"end":{"line":158,"column":48}}],"line":158},"5":{"loc":{"start":{"line":160,"column":25},"end":{"line":160,"column":71}},"type":"cond-expr","locations":[{"start":{"line":160,"column":38},"end":{"line":160,"column":64}},{"start":{"line":160,"column":67},"end":{"line":160,"column":71}}],"line":160},"6":{"loc":{"start":{"line":161,"column":24},"end":{"line":161,"column":75}},"type":"binary-expr","locations":[{"start":{"line":161,"column":24},"end":{"line":161,"column":70}},{"start":{"line":161,"column":74},"end":{"line":161,"column":75}}],"line":161},"7":{"loc":{"start":{"line":161,"column":33},"end":{"line":161,"column":69}},"type":"cond-expr","locations":[{"start":{"line":161,"column":46},"end":{"line":161,"column":65}},{"start":{"line":161,"column":68},"end":{"line":161,"column":69}}],"line":161},"8":{"loc":{"start":{"line":162,"column":21},"end":{"line":162,"column":46}},"type":"binary-expr","locations":[{"start":{"line":162,"column":21},"end":{"line":162,"column":41}},{"start":{"line":162,"column":45},"end":{"line":162,"column":46}}],"line":162},"9":{"loc":{"start":{"line":175,"column":2},"end":{"line":177,"column":3}},"type":"if","locations":[{"start":{"line":175,"column":2},"end":{"line":177,"column":3}},{"start":{},"end":{}}],"line":175},"10":{"loc":{"start":{"line":176,"column":26},"end":{"line":176,"column":52}},"type":"cond-expr","locations":[{"start":{"line":176,"column":44},"end":{"line":176,"column":47}},{"start":{"line":176,"column":50},"end":{"line":176,"column":52}}],"line":176}},"s":{"0":6,"1":2,"2":2,"3":2,"4":6,"5":2,"6":2,"7":1,"8":6,"9":1,"10":3,"11":3,"12":1,"13":2,"14":2,"15":3,"16":6,"17":3,"18":3,"19":3,"20":2,"21":2,"22":2,"23":1,"24":1,"25":1,"26":1,"27":1,"28":1,"29":1,"30":1,"31":1,"32":1,"33":1,"34":1,"35":1,"36":1,"37":1,"38":1,"39":1,"40":1,"41":1},"f":{"0":6,"1":2,"2":2,"3":6,"4":3,"5":3,"6":3,"7":6,"8":3,"9":2,"10":1,"11":1},"b":{"0":[1,1],"1":[1,2],"2":[3,2],"3":[1,1],"4":[1,0],"5":[0,1],"6":[1,1],"7":[0,1],"8":[1,0],"9":[1,0],"10":[1,0]},"_coverageSchema":"1a1c01bbd47fc00a2c39e90264f33305004495a9","hash":"0a3320c41ef301ac2936d0077d4ef1fcc110aef1"}
}
