TN:
SF:src/d20.js
FN:10,rollDice
FN:26,rollMultipleDice
FN:44,sortDiceByHighestOrLowest
FN:47,(anonymous_3)
FN:50,(anonymous_4)
FN:65,sortDiceRolls
FN:88,sumAllRolls
FN:90,(anonymous_7)
FN:112,calculateDiceRollTotal
FN:132,roll
FN:155,(anonymous_10)
FN:182,(anonymous_11)
FNF:12
FNH:12
FNDA:6,rollDice
FNDA:2,rollMultipleDice
FNDA:2,sortDiceByHighestOrLowest
FNDA:6,(anonymous_3)
FNDA:3,(anonymous_4)
FNDA:3,sortDiceRolls
FNDA:3,sumAllRolls
FNDA:6,(anonymous_7)
FNDA:3,calculateDiceRollTotal
FNDA:2,roll
FNDA:1,(anonymous_10)
FNDA:1,(anonymous_11)
DA:12,6
DA:27,2
DA:28,2
DA:29,6
DA:31,2
DA:45,2
DA:47,6
DA:50,3
DA:67,3
DA:69,1
DA:73,2
DA:76,2
DA:90,6
DA:114,3
DA:117,3
DA:119,3
DA:134,2
DA:151,2
DA:153,2
DA:154,1
DA:155,1
DA:158,1
DA:159,1
DA:160,1
DA:161,1
DA:162,1
DA:165,1
DA:168,1
DA:171,1
DA:174,1
DA:175,1
DA:176,1
DA:178,1
DA:181,1
DA:182,1
DA:186,1
LF:36
LH:36
BRDA:45,0,0,1
BRDA:45,0,1,1
BRDA:67,1,0,1
BRDA:67,1,1,2
BRDA:67,2,0,3
BRDA:67,2,1,2
BRDA:153,3,0,1
BRDA:153,3,1,1
BRDA:158,4,0,1
BRDA:158,4,1,0
BRDA:160,5,0,0
BRDA:160,5,1,1
BRDA:161,6,0,1
BRDA:161,6,1,1
BRDA:161,7,0,0
BRDA:161,7,1,1
BRDA:162,8,0,1
BRDA:162,8,1,0
BRDA:175,9,0,1
BRDA:175,9,1,0
BRDA:176,10,0,1
BRDA:176,10,1,0
BRF:22
BRH:16
end_of_record
